<?xml version="1.0" encoding="UTF-8"?>
<!-- Generated by org.testng.reporters.JUnitXMLReporter -->
<testsuite ignored="2" hostname="Lenovo" failures="0" tests="1" name="Default test" time="0.144" errors="0" timestamp="2024-08-14T09:31:19 IST">
  <testcase classname="org.openms.demo.test.TestNGTest" name="test1" time="0.043"/>
  <testcase classname="org.openms.demo.test.TestNGTest" name="test3" time="0.0">
    <ignored/>
  </testcase> <!-- test3 -->
  <testcase classname="org.openms.demo.test.TestNGTest" name="test2" time="0.0">
    <ignored/>
  </testcase> <!-- test2 -->
</testsuite> <!-- Default test -->
