<?xml version="1.0" encoding="UTF-8"?>
<!-- Generated by org.testng.reporters.JUnitXMLReporter -->
<testsuite ignored="0" hostname="Lenovo" failures="0" tests="4" name="Default test" time="0.278" errors="0" timestamp="2024-08-19T09:14:11 IST">
  <testcase classname="org.openms.demo.test.OpenMrsTestNGTest2" name="activateVisitsAndAddAttachment" time="0.018"/>
  <testcase classname="org.openms.demo.test.OpenMrsTestNGTest2" name="deletePatient" time="0.007"/>
  <testcase classname="org.openms.demo.test.OpenMrsTestNGTest2" name="findPatient" time="0.009"/>
  <testcase classname="org.openms.demo.test.OpenMrsTestNGTest2" name="registerPatient" time="0.017"/>
</testsuite> <!-- Default test -->
