<?xml version="1.0" encoding="UTF-8"?>
<!-- Generated by org.testng.reporters.JUnitXMLReporter -->
<testsuite ignored="3" hostname="Lenovo" failures="0" tests="1" name="Test(failed)(failed)" time="0.134" errors="0" timestamp="2024-08-19T09:43:40 IST">
  <testcase classname="org.openms.demo.test.OpenMrsTestNGTest2" name="activateVisitsAndAddAttachment" time="0.024"/>
  <testcase classname="org.openms.demo.test.OpenMrsTestNGTest2" name="findPatient" time="0.0">
    <ignored/>
  </testcase> <!-- findPatient -->
  <testcase classname="org.openms.demo.test.OpenMrsTestNGTest2" name="registerPatient" time="0.0">
    <ignored/>
  </testcase> <!-- registerPatient -->
  <testcase classname="org.openms.demo.test.OpenMrsTestNGTest2" name="deletePatient" time="0.0">
    <ignored/>
  </testcase> <!-- deletePatient -->
</testsuite> <!-- Test(failed)(failed) -->
