<?xml version="1.0" encoding="UTF-8"?>
<!-- Generated by org.testng.reporters.JUnitXMLReporter -->
<testsuite ignored="0" hostname="Lenovo" failures="0" tests="3" name="Test" time="140.227" errors="0" timestamp="2024-08-21T09:56:22 IST">
  <testcase classname="org.openms.demo.test.OpenMrsDataDrivenFramework" name="registerPatient" time="33.206"/>
  <testcase classname="org.openms.demo.test.OpenMrsDataDrivenFramework" name="registerPatient" time="14.917"/>
  <testcase classname="org.openms.demo.test.OpenMrsDataDrivenFramework" name="registerPatient" time="11.894"/>
</testsuite> <!-- Test -->
