<?xml version="1.0" encoding="UTF-8"?>
<!-- Generated by org.testng.reporters.JUnitXMLReporter -->
<testsuite ignored="0" hostname="Lenovo" failures="1" tests="3" name="Test" time="0.182" errors="0" timestamp="2024-08-14T09:28:50 IST">
  <testcase classname="org.openms.demo.test.TestNGTest" name="test1" time="0.021"/>
  <testcase classname="org.openms.demo.test.TestNGTest" name="test2" time="0.009"/>
  <testcase classname="org.openms.demo.test.TestNGTest" name="test3" time="0.011">
    <failure type="java.lang.AssertionError" message="expected [true] but found [false]">
      <![CDATA[java.lang.AssertionError: expected [true] but found [false]
at org.openms.demo.test.TestNGTest.test3(TestNGTest.java:32)
at java.base/java.util.ArrayList.forEach(ArrayList.java:1596)
... Removed 29 stack frames]]>
    </failure>
  </testcase> <!-- test3 -->
</testsuite> <!-- Test -->
