<?xml version="1.0" encoding="UTF-8"?>
<testng-results ignored="0" total="4" passed="3" failed="1" skipped="0">
  <reporter-output>
  </reporter-output>
  <suite started-at="2024-08-20T09:36:40 IST" name="Suite" finished-at="2024-08-20T09:38:25 IST" duration-ms="105098">
    <groups>
    </groups>
    <test started-at="2024-08-20T09:36:40 IST" name="Test" finished-at="2024-08-20T09:38:25 IST" duration-ms="105098">
      <class name="org.openms.demo.test.OpenMrsKeywordDrivenFramework">
        <test-method is-config="true" signature="beforeSuite()[pri:0, instance:org.openms.demo.test.OpenMrsKeywordDrivenFramework@2c35e847]" started-at="2024-08-20T09:36:40 IST" name="beforeSuite" finished-at="2024-08-20T09:36:40 IST" duration-ms="19" status="PASS">
          <reporter-output>
          </reporter-output>
        </test-method> <!-- beforeSuite -->
        <test-method is-config="true" signature="befoeTest()[pri:0, instance:org.openms.demo.test.OpenMrsKeywordDrivenFramework@2c35e847]" started-at="2024-08-20T09:36:40 IST" name="befoeTest" finished-at="2024-08-20T09:37:37 IST" duration-ms="57419" status="PASS">
          <reporter-output>
          </reporter-output>
        </test-method> <!-- befoeTest -->
        <test-method is-config="true" signature="beforeClass()[pri:0, instance:org.openms.demo.test.OpenMrsKeywordDrivenFramework@2c35e847]" started-at="2024-08-20T09:37:37 IST" name="beforeClass" finished-at="2024-08-20T09:37:37 IST" duration-ms="114" status="PASS">
          <reporter-output>
          </reporter-output>
        </test-method> <!-- beforeClass -->
        <test-method signature="registerPatient(java.lang.String,java.lang.String)[pri:0, instance:org.openms.demo.test.OpenMrsKeywordDrivenFramework@2c35e847]" started-at="2024-08-20T09:37:37 IST" name="registerPatient" finished-at="2024-08-20T09:37:37 IST" duration-ms="0" status="FAIL">
          <exception class="org.testng.TestNGException">
            <message>
              <![CDATA[
Cannot inject @Test annotated Method [registerPatient] with [class java.lang.String, class java.lang.String].
For more information on native dependency injection please refer to https://testng.org/doc/documentation-main.html#native-dependency-injection]]>
            </message>
            <full-stacktrace>
              <![CDATA[org.testng.TestNGException: 
Cannot inject @Test annotated Method [registerPatient] with [class java.lang.String, class java.lang.String].
For more information on native dependency injection please refer to https://testng.org/doc/documentation-main.html#native-dependency-injection
at org.testng.internal.Parameters.checkParameterTypes(Parameters.java:439)
at org.testng.internal.Parameters.createParametersForMethod(Parameters.java:353)
at org.testng.internal.Parameters.createParameters(Parameters.java:708)
at org.testng.internal.Parameters.handleParameters(Parameters.java:884)
at org.testng.internal.Parameters.handleParameters(Parameters.java:740)
at org.testng.internal.ParameterHandler.handleParameters(ParameterHandler.java:59)
at org.testng.internal.ParameterHandler.createParameters(ParameterHandler.java:38)
at org.testng.internal.TestInvoker$MethodInvocationAgent.invoke(TestInvoker.java:791)
at org.testng.internal.TestInvoker.invokeTestMethods(TestInvoker.java:146)
at org.testng.internal.TestMethodWorker.invokeTestMethods(TestMethodWorker.java:146)
at org.testng.internal.TestMethodWorker.run(TestMethodWorker.java:128)
at java.base/java.util.ArrayList.forEach(ArrayList.java:1596)
at org.testng.TestRunner.privateRun(TestRunner.java:794)
at org.testng.TestRunner.run(TestRunner.java:596)
at org.testng.SuiteRunner.runTest(SuiteRunner.java:377)
at org.testng.SuiteRunner.runSequentially(SuiteRunner.java:371)
at org.testng.SuiteRunner.privateRun(SuiteRunner.java:332)
at org.testng.SuiteRunner.run(SuiteRunner.java:276)
at org.testng.SuiteRunnerWorker.runSuite(SuiteRunnerWorker.java:53)
at org.testng.SuiteRunnerWorker.run(SuiteRunnerWorker.java:96)
at org.testng.TestNG.runSuitesSequentially(TestNG.java:1212)
at org.testng.TestNG.runSuitesLocally(TestNG.java:1134)
at org.testng.TestNG.runSuites(TestNG.java:1063)
at org.testng.TestNG.run(TestNG.java:1031)
at org.testng.remote.AbstractRemoteTestNG.run(AbstractRemoteTestNG.java:115)
at org.testng.remote.RemoteTestNG.initAndRun(RemoteTestNG.java:293)
at org.testng.remote.RemoteTestNG.main(RemoteTestNG.java:91)
]]>
            </full-stacktrace>
          </exception> <!-- org.testng.TestNGException -->
          <reporter-output>
          </reporter-output>
        </test-method> <!-- registerPatient -->
        <test-method is-config="true" signature="beforeMethod(java.lang.String,java.lang.String,java.lang.String)[pri:0, instance:org.openms.demo.test.OpenMrsKeywordDrivenFramework@2c35e847]" started-at="2024-08-20T09:37:37 IST" name="beforeMethod" finished-at="2024-08-20T09:37:51 IST" duration-ms="13797" status="PASS">
          <params>
            <param index="0">
              <value>
                <![CDATA[Admin]]>
              </value>
            </param>
            <param index="1">
              <value>
                <![CDATA[Admin123]]>
              </value>
            </param>
            <param index="2">
              <value>
                <![CDATA[Registration Desk]]>
              </value>
            </param>
          </params>
          <reporter-output>
          </reporter-output>
        </test-method> <!-- beforeMethod -->
        <test-method signature="findPatient()[pri:0, instance:org.openms.demo.test.OpenMrsKeywordDrivenFramework@2c35e847]" started-at="2024-08-20T09:37:51 IST" name="findPatient" finished-at="2024-08-20T09:37:51 IST" duration-ms="5" status="PASS">
          <reporter-output>
          </reporter-output>
        </test-method> <!-- findPatient -->
        <test-method is-config="true" signature="afterMethod()[pri:0, instance:org.openms.demo.test.OpenMrsKeywordDrivenFramework@2c35e847]" started-at="2024-08-20T09:37:51 IST" name="afterMethod" finished-at="2024-08-20T09:38:01 IST" duration-ms="9870" status="PASS">
          <reporter-output>
          </reporter-output>
        </test-method> <!-- afterMethod -->
        <test-method is-config="true" signature="beforeMethod(java.lang.String,java.lang.String,java.lang.String)[pri:0, instance:org.openms.demo.test.OpenMrsKeywordDrivenFramework@2c35e847]" started-at="2024-08-20T09:38:01 IST" name="beforeMethod" finished-at="2024-08-20T09:38:04 IST" duration-ms="3152" status="PASS">
          <params>
            <param index="0">
              <value>
                <![CDATA[Admin]]>
              </value>
            </param>
            <param index="1">
              <value>
                <![CDATA[Admin123]]>
              </value>
            </param>
            <param index="2">
              <value>
                <![CDATA[Registration Desk]]>
              </value>
            </param>
          </params>
          <reporter-output>
          </reporter-output>
        </test-method> <!-- beforeMethod -->
        <test-method signature="activateVisitsAndAddAttachment()[pri:0, instance:org.openms.demo.test.OpenMrsKeywordDrivenFramework@2c35e847]" started-at="2024-08-20T09:38:04 IST" name="activateVisitsAndAddAttachment" finished-at="2024-08-20T09:38:04 IST" duration-ms="4" status="PASS">
          <reporter-output>
          </reporter-output>
        </test-method> <!-- activateVisitsAndAddAttachment -->
        <test-method is-config="true" signature="afterMethod()[pri:0, instance:org.openms.demo.test.OpenMrsKeywordDrivenFramework@2c35e847]" started-at="2024-08-20T09:38:04 IST" name="afterMethod" finished-at="2024-08-20T09:38:14 IST" duration-ms="9752" status="PASS">
          <reporter-output>
          </reporter-output>
        </test-method> <!-- afterMethod -->
        <test-method is-config="true" signature="beforeMethod(java.lang.String,java.lang.String,java.lang.String)[pri:0, instance:org.openms.demo.test.OpenMrsKeywordDrivenFramework@2c35e847]" started-at="2024-08-20T09:38:14 IST" name="beforeMethod" finished-at="2024-08-20T09:38:17 IST" duration-ms="2728" status="PASS">
          <params>
            <param index="0">
              <value>
                <![CDATA[Admin]]>
              </value>
            </param>
            <param index="1">
              <value>
                <![CDATA[Admin123]]>
              </value>
            </param>
            <param index="2">
              <value>
                <![CDATA[Registration Desk]]>
              </value>
            </param>
          </params>
          <reporter-output>
          </reporter-output>
        </test-method> <!-- beforeMethod -->
        <test-method signature="deletePatient()[pri:0, instance:org.openms.demo.test.OpenMrsKeywordDrivenFramework@2c35e847]" started-at="2024-08-20T09:38:17 IST" name="deletePatient" finished-at="2024-08-20T09:38:17 IST" duration-ms="3" status="PASS">
          <reporter-output>
          </reporter-output>
        </test-method> <!-- deletePatient -->
        <test-method is-config="true" signature="afterMethod()[pri:0, instance:org.openms.demo.test.OpenMrsKeywordDrivenFramework@2c35e847]" started-at="2024-08-20T09:38:17 IST" name="afterMethod" finished-at="2024-08-20T09:38:24 IST" duration-ms="7069" status="PASS">
          <reporter-output>
          </reporter-output>
        </test-method> <!-- afterMethod -->
        <test-method is-config="true" signature="afterClass()[pri:0, instance:org.openms.demo.test.OpenMrsKeywordDrivenFramework@2c35e847]" started-at="2024-08-20T09:38:24 IST" name="afterClass" finished-at="2024-08-20T09:38:24 IST" duration-ms="1" status="PASS">
          <reporter-output>
          </reporter-output>
        </test-method> <!-- afterClass -->
        <test-method is-config="true" signature="afterTest()[pri:0, instance:org.openms.demo.test.OpenMrsKeywordDrivenFramework@2c35e847]" started-at="2024-08-20T09:38:24 IST" name="afterTest" finished-at="2024-08-20T09:38:25 IST" duration-ms="984" status="PASS">
          <reporter-output>
          </reporter-output>
        </test-method> <!-- afterTest -->
        <test-method is-config="true" signature="afterSuite()[pri:0, instance:org.openms.demo.test.OpenMrsKeywordDrivenFramework@2c35e847]" started-at="2024-08-20T09:38:25 IST" name="afterSuite" finished-at="2024-08-20T09:38:25 IST" duration-ms="1" status="PASS">
          <reporter-output>
          </reporter-output>
        </test-method> <!-- afterSuite -->
      </class> <!-- org.openms.demo.test.OpenMrsKeywordDrivenFramework -->
    </test> <!-- Test -->
  </suite> <!-- Suite -->
</testng-results>
