<?xml version="1.0" encoding="UTF-8"?>
<testng-results ignored="0" total="3" passed="3" failed="0" skipped="0">
  <reporter-output>
  </reporter-output>
  <suite started-at="2024-08-21T09:54:02 IST" name="Suite" finished-at="2024-08-21T09:56:22 IST" duration-ms="140227">
    <groups>
    </groups>
    <test started-at="2024-08-21T09:54:02 IST" name="Test" finished-at="2024-08-21T09:56:22 IST" duration-ms="140227">
      <class name="org.openms.demo.test.OpenMrsDataDrivenFramework">
        <test-method is-config="true" signature="beforeSuite()[pri:0, instance:org.openms.demo.test.OpenMrsDataDrivenFramework@4803b726]" started-at="2024-08-21T09:54:02 IST" name="beforeSuite" finished-at="2024-08-21T09:54:02 IST" duration-ms="17" status="PASS">
          <reporter-output>
          </reporter-output>
        </test-method> <!-- beforeSuite -->
        <test-method is-config="true" signature="befoeTest()[pri:0, instance:org.openms.demo.test.OpenMrsDataDrivenFramework@4803b726]" started-at="2024-08-21T09:54:02 IST" name="befoeTest" finished-at="2024-08-21T09:54:24 IST" duration-ms="21440" status="PASS">
          <reporter-output>
          </reporter-output>
        </test-method> <!-- befoeTest -->
        <test-method is-config="true" signature="beforeClass()[pri:0, instance:org.openms.demo.test.OpenMrsDataDrivenFramework@4803b726]" started-at="2024-08-21T09:54:24 IST" name="beforeClass" finished-at="2024-08-21T09:54:24 IST" duration-ms="100" status="PASS">
          <reporter-output>
          </reporter-output>
        </test-method> <!-- beforeClass -->
        <test-method is-config="true" signature="beforeMethod(java.lang.String,java.lang.String,java.lang.String)[pri:0, instance:org.openms.demo.test.OpenMrsDataDrivenFramework@4803b726]" started-at="2024-08-21T09:54:26 IST" name="beforeMethod" finished-at="2024-08-21T09:54:34 IST" duration-ms="8168" status="PASS">
          <params>
            <param index="0">
              <value>
                <![CDATA[Admin]]>
              </value>
            </param>
            <param index="1">
              <value>
                <![CDATA[Admin123]]>
              </value>
            </param>
            <param index="2">
              <value>
                <![CDATA[Registration Desk]]>
              </value>
            </param>
          </params>
          <reporter-output>
          </reporter-output>
        </test-method> <!-- beforeMethod -->
        <test-method signature="registerPatient(java.lang.String,java.lang.String,java.lang.String,java.lang.String,java.lang.String)[pri:0, instance:org.openms.demo.test.OpenMrsDataDrivenFramework@4803b726]" started-at="2024-08-21T09:54:34 IST" name="registerPatient" data-provider="RegisterPatientData" finished-at="2024-08-21T09:55:07 IST" duration-ms="33206" status="PASS">
          <params>
            <param index="0">
              <value>
                <![CDATA[Ramesh Babu, H]]>
              </value>
            </param>
            <param index="1">
              <value>
                <![CDATA[Male]]>
              </value>
            </param>
            <param index="2">
              <value>
                <![CDATA[26, December, 2000]]>
              </value>
            </param>
            <param index="3">
              <value>
                <![CDATA[Near HDFC bank\n S R Nagar,Hyderabad,Telanagana,India,500033]]>
              </value>
            </param>
            <param index="4">
              <value>
                <![CDATA[9876543210]]>
              </value>
            </param>
          </params>
          <reporter-output>
          </reporter-output>
        </test-method> <!-- registerPatient -->
        <test-method is-config="true" signature="afterMethod()[pri:0, instance:org.openms.demo.test.OpenMrsDataDrivenFramework@4803b726]" started-at="2024-08-21T09:55:07 IST" name="afterMethod" finished-at="2024-08-21T09:55:22 IST" duration-ms="14571" status="PASS">
          <reporter-output>
          </reporter-output>
        </test-method> <!-- afterMethod -->
        <test-method is-config="true" signature="beforeMethod(java.lang.String,java.lang.String,java.lang.String)[pri:0, instance:org.openms.demo.test.OpenMrsDataDrivenFramework@4803b726]" started-at="2024-08-21T09:55:22 IST" name="beforeMethod" finished-at="2024-08-21T09:55:25 IST" duration-ms="2820" status="PASS">
          <params>
            <param index="0">
              <value>
                <![CDATA[Admin]]>
              </value>
            </param>
            <param index="1">
              <value>
                <![CDATA[Admin123]]>
              </value>
            </param>
            <param index="2">
              <value>
                <![CDATA[Registration Desk]]>
              </value>
            </param>
          </params>
          <reporter-output>
          </reporter-output>
        </test-method> <!-- beforeMethod -->
        <test-method signature="registerPatient(java.lang.String,java.lang.String,java.lang.String,java.lang.String,java.lang.String)[pri:0, instance:org.openms.demo.test.OpenMrsDataDrivenFramework@4803b726]" started-at="2024-08-21T09:55:25 IST" name="registerPatient" data-provider="RegisterPatientData" finished-at="2024-08-21T09:55:39 IST" duration-ms="14917" status="PASS">
          <params>
            <param index="0">
              <value>
                <![CDATA[Kishore Kumar, M]]>
              </value>
            </param>
            <param index="1">
              <value>
                <![CDATA[Male]]>
              </value>
            </param>
            <param index="2">
              <value>
                <![CDATA[10, November, 1998]]>
              </value>
            </param>
            <param index="3">
              <value>
                <![CDATA[Near Icici bank\n HitechCity,Hyderabad,Telanagana,India,500033]]>
              </value>
            </param>
            <param index="4">
              <value>
                <![CDATA[9876543211]]>
              </value>
            </param>
          </params>
          <reporter-output>
          </reporter-output>
        </test-method> <!-- registerPatient -->
        <test-method is-config="true" signature="afterMethod()[pri:0, instance:org.openms.demo.test.OpenMrsDataDrivenFramework@4803b726]" started-at="2024-08-21T09:55:39 IST" name="afterMethod" finished-at="2024-08-21T09:55:52 IST" duration-ms="12083" status="PASS">
          <reporter-output>
          </reporter-output>
        </test-method> <!-- afterMethod -->
        <test-method is-config="true" signature="beforeMethod(java.lang.String,java.lang.String,java.lang.String)[pri:0, instance:org.openms.demo.test.OpenMrsDataDrivenFramework@4803b726]" started-at="2024-08-21T09:55:52 IST" name="beforeMethod" finished-at="2024-08-21T09:55:57 IST" duration-ms="5945" status="PASS">
          <params>
            <param index="0">
              <value>
                <![CDATA[Admin]]>
              </value>
            </param>
            <param index="1">
              <value>
                <![CDATA[Admin123]]>
              </value>
            </param>
            <param index="2">
              <value>
                <![CDATA[Registration Desk]]>
              </value>
            </param>
          </params>
          <reporter-output>
          </reporter-output>
        </test-method> <!-- beforeMethod -->
        <test-method signature="registerPatient(java.lang.String,java.lang.String,java.lang.String,java.lang.String,java.lang.String)[pri:0, instance:org.openms.demo.test.OpenMrsDataDrivenFramework@4803b726]" started-at="2024-08-21T09:55:57 IST" name="registerPatient" data-provider="RegisterPatientData" finished-at="2024-08-21T09:56:09 IST" duration-ms="11894" status="PASS">
          <params>
            <param index="0">
              <value>
                <![CDATA[Kumar Raju, Ch]]>
              </value>
            </param>
            <param index="1">
              <value>
                <![CDATA[Male]]>
              </value>
            </param>
            <param index="2">
              <value>
                <![CDATA[17, July, 2002]]>
              </value>
            </param>
            <param index="3">
              <value>
                <![CDATA[Near SBI bank\n Kukatpally,Hyderabad,Telanagana,India,500033]]>
              </value>
            </param>
            <param index="4">
              <value>
                <![CDATA[9876543212]]>
              </value>
            </param>
          </params>
          <reporter-output>
          </reporter-output>
        </test-method> <!-- registerPatient -->
        <test-method is-config="true" signature="afterMethod()[pri:0, instance:org.openms.demo.test.OpenMrsDataDrivenFramework@4803b726]" started-at="2024-08-21T09:56:09 IST" name="afterMethod" finished-at="2024-08-21T09:56:22 IST" duration-ms="12179" status="PASS">
          <reporter-output>
          </reporter-output>
        </test-method> <!-- afterMethod -->
        <test-method is-config="true" signature="afterClass()[pri:0, instance:org.openms.demo.test.OpenMrsDataDrivenFramework@4803b726]" started-at="2024-08-21T09:56:22 IST" name="afterClass" finished-at="2024-08-21T09:56:22 IST" duration-ms="0" status="PASS">
          <reporter-output>
          </reporter-output>
        </test-method> <!-- afterClass -->
        <test-method is-config="true" signature="afterTest()[pri:0, instance:org.openms.demo.test.OpenMrsDataDrivenFramework@4803b726]" started-at="2024-08-21T09:56:22 IST" name="afterTest" finished-at="2024-08-21T09:56:22 IST" duration-ms="927" status="PASS">
          <reporter-output>
          </reporter-output>
        </test-method> <!-- afterTest -->
        <test-method is-config="true" signature="afterSuite()[pri:0, instance:org.openms.demo.test.OpenMrsDataDrivenFramework@4803b726]" started-at="2024-08-21T09:56:23 IST" name="afterSuite" finished-at="2024-08-21T09:56:23 IST" duration-ms="2" status="PASS">
          <reporter-output>
          </reporter-output>
        </test-method> <!-- afterSuite -->
      </class> <!-- org.openms.demo.test.OpenMrsDataDrivenFramework -->
    </test> <!-- Test -->
  </suite> <!-- Suite -->
</testng-results>
